<?xml version="1.0" encoding="UTF-8"?>
<!-- Generated by org.testng.reporters.JUnitReportReporter -->
<testsuite skipped="0" hostname="DESKTOP-K427603" name="com.netomedia.hangman.AppTest" tests="1" failures="0" timestamp="2021-06-24T19:19:41 IDT" time="0.016" errors="0">
  <testcase name="shouldAnswerWithTrue" time="0.016" classname="com.netomedia.hangman.AppTest"/>
  <system-out/>
</testsuite> <!-- com.netomedia.hangman.AppTest -->
